{"/home/vannsn/Videos/Blinkist-Application-master/src/App.tsx": {"path":"/home/vannsn/Videos/Blinkist-Application-master/src/App.tsx","statementMap":{"0":{"start":{"line":9,"column":39},"end":{"line":9,"column":49}},"1":{"start":{"line":10,"column":2},"end":{"line":13,"column":3}},"2":{"start":{"line":12,"column":4},"end":{"line":12,"column":32}},"3":{"start":{"line":14,"column":2},"end":{"line":27,"column":4}}},"fnMap":{"0":{"name":"App","decl":{"start":{"line":8,"column":9},"end":{"line":8,"column":12}},"loc":{"start":{"line":8,"column":15},"end":{"line":28,"column":1}},"line":8}},"branchMap":{"0":{"loc":{"start":{"line":10,"column":2},"end":{"line":13,"column":3}},"type":"if","locations":[{"start":{"line":10,"column":2},"end":{"line":13,"column":3}},{"start":{},"end":{}}],"line":10},"1":{"loc":{"start":{"line":18,"column":6},"end":{"line":18,"column":47}},"type":"cond-expr","locations":[{"start":{"line":18,"column":26},"end":{"line":18,"column":41}},{"start":{"line":18,"column":43},"end":{"line":18,"column":47}}],"line":18},"2":{"loc":{"start":{"line":22,"column":9},"end":{"line":23,"column":22}},"type":"binary-expr","locations":[{"start":{"line":22,"column":9},"end":{"line":22,"column":24}},{"start":{"line":23,"column":9},"end":{"line":23,"column":22}}],"line":22}},"s":{"0":0,"1":0,"2":0,"3":0},"f":{"0":0},"b":{"0":[0,0],"1":[0,0],"2":[0,0]}}
,"/home/vannsn/Videos/Blinkist-Application-master/src/index.tsx": {"path":"/home/vannsn/Videos/Blinkist-Application-master/src/index.tsx","statementMap":{"0":{"start":{"line":10,"column":15},"end":{"line":10,"column":42}},"1":{"start":{"line":11,"column":17},"end":{"line":11,"column":51}},"2":{"start":{"line":12,"column":13},"end":{"line":14,"column":1}},"3":{"start":{"line":15,"column":0},"end":{"line":23,"column":2}},"4":{"start":{"line":26,"column":0},"end":{"line":26,"column":18}}},"fnMap":{},"branchMap":{},"s":{"0":0,"1":0,"2":0,"3":0,"4":0},"f":{},"b":{}}
,"/home/vannsn/Videos/Blinkist-Application-master/src/components/atoms/icons/Icons.tsx": {"path":"/home/vannsn/Videos/Blinkist-Application-master/src/components/atoms/icons/Icons.tsx","statementMap":{"0":{"start":{"line":11,"column":14},"end":{"line":15,"column":1}},"1":{"start":{"line":12,"column":2},"end":{"line":14,"column":3}}},"fnMap":{"0":{"name":"(anonymous_0)","decl":{"start":{"line":11,"column":14},"end":{"line":11,"column":15}},"loc":{"start":{"line":11,"column":32},"end":{"line":15,"column":1}},"line":11}},"branchMap":{},"s":{"0":1,"1":1},"f":{"0":1},"b":{},"_coverageSchema":"1a1c01bbd47fc00a2c39e90264f33305004495a9","hash":"097e2b0f8f0f79553c5aceddd9c4d28861c36670"}
}
